{
  "RSpec": {
    "coverage": {
      "/Users/stephenfletcher/Projects/bank-tech-test/spec/acceptance_spec.rb": {
        "lines": [
          null,
          null,
          1,
          1,
          2,
          null,
          1,
          1,
          1,
          1,
          1,
          1,
          1,
          1,
          null,
          null,
          null,
          1,
          null,
          null
        ]
      },
      "/Users/stephenfletcher/Projects/bank-tech-test/lib/bank_account.rb": {
        "lines": [
          null,
          null,
          null,
          1,
          1,
          17,
          17,
          null,
          null,
          1,
          12,
          12,
          12,
          null,
          null,
          1,
          16,
          null,
          13,
          null,
          null,
          1,
          5,
          null,
          4,
          null,
          null,
          1,
          null,
          1,
          34,
          null,
          null,
          1,
          17,
          null,
          null,
          1,
          17,
          null,
          4,
          null,
          null,
          1,
          12,
          12,
          17,
          17,
          null,
          null,
          null,
          1,
          21,
          21,
          18,
          null,
          null
        ]
      },
      "/Users/stephenfletcher/Projects/bank-tech-test/spec/double_deposit_spec.rb": {
        "lines": [
          null,
          null,
          1,
          1,
          3,
          null,
          1,
          1,
          1,
          1,
          1,
          null,
          null,
          1,
          null,
          null,
          1,
          1,
          1,
          1,
          null,
          null,
          1,
          null,
          null,
          null
        ]
      },
      "/Users/stephenfletcher/Projects/bank-tech-test/spec/edge_case_spec.rb": {
        "lines": [
          null,
          null,
          1,
          1,
          7,
          null,
          1,
          1,
          null,
          null,
          1,
          2,
          null,
          null,
          null,
          1,
          2,
          null,
          null,
          null,
          1,
          2,
          null,
          null,
          null,
          1,
          2,
          null,
          null,
          null,
          1,
          2,
          null,
          null,
          null
        ]
      },
      "/Users/stephenfletcher/Projects/bank-tech-test/spec/single_deposit_spec.rb": {
        "lines": [
          null,
          null,
          1,
          1,
          5,
          null,
          1,
          1,
          1,
          1,
          null,
          null,
          1,
          1,
          1,
          1,
          null,
          null,
          1,
          1,
          1,
          1,
          null,
          null,
          1,
          1,
          1,
          1,
          null,
          null
        ]
      },
      "/Users/stephenfletcher/Projects/bank-tech-test/spec/transaction_date_spec.rb": {
        "lines": [
          null,
          null,
          1,
          1,
          3,
          null,
          1,
          1,
          1,
          1,
          1,
          null,
          null,
          1,
          1,
          1,
          1,
          1,
          1,
          null,
          null,
          1,
          null,
          null
        ]
      },
      "/Users/stephenfletcher/Projects/bank-tech-test/spec/withdrawal_spec.rb": {
        "lines": [
          null,
          null,
          1,
          1,
          3,
          null,
          1,
          1,
          1,
          1,
          null,
          null,
          1,
          1,
          1,
          1,
          null,
          null,
          1,
          null,
          null
        ]
      }
    },
    "timestamp": 1663712800
  }
}
